Build started 2017/7/24 17:07:44.
     1>Project "D:\CODING\completeGraph_g\completeGraph\completeGraph.vcxproj" on node 2 (build target(s)).
     1>InitializeBuildStatus:
         Creating "x64\Debug\completeGraph.unsuccessfulbuild" because "AlwaysCreate" was specified.
       ClCompile:
         All outputs are up-to-date.
         C:\Program Files (x86)\Microsoft Visual Studio 10.0\VC\bin\x86_amd64\CL.exe /c /I"C:\Program Files (x86)\Visual Leak Detector\include" /Zi /nologo /W3 /WX- /Od /D WIN32 /D _DEBUG /D _CONSOLE /D _UNICODE /D UNICODE /Gm /EHsc /RTC1 /MDd /GS /fp:precise /Zc:wchar_t /Zc:forScope /Fo"x64\Debug\\" /Fd"x64\Debug\vc100.pdb" /Gd /TP /errorReport:prompt completeGraph.cpp
         completeGraph.cpp
     1>d:\opencv2.4.7\opencv\build\include\opencv2\flann\logger.h(66): warning C4996: 'fopen': This function or variable may be unsafe. Consider using fopen_s instead. To disable deprecation, use _CRT_SECURE_NO_WARNINGS. See online help for details.
                 C:\Program Files (x86)\Microsoft Visual Studio 10.0\VC\include\stdio.h(234) : see declaration of 'fopen'
     1>D:\opencv2.4.7\opencv\build\include\opencv2/legacy/blobtrack.hpp(187): warning C4996: 'strcpy': This function or variable may be unsafe. Consider using strcpy_s instead. To disable deprecation, use _CRT_SECURE_NO_WARNINGS. See online help for details.
                 C:\Program Files (x86)\Microsoft Visual Studio 10.0\VC\include\string.h(105) : see declaration of 'strcpy'
     1>D:\opencv2.4.7\opencv\build\include\opencv2/legacy/blobtrack.hpp(256): warning C4996: 'strcat': This function or variable may be unsafe. Consider using strcat_s instead. To disable deprecation, use _CRT_SECURE_NO_WARNINGS. See online help for details.
                 C:\Program Files (x86)\Microsoft Visual Studio 10.0\VC\include\string.h(110) : see declaration of 'strcat'
     1>completeGraph.cpp(90): warning C4996: 'fopen': This function or variable may be unsafe. Consider using fopen_s instead. To disable deprecation, use _CRT_SECURE_NO_WARNINGS. See online help for details.
                 C:\Program Files (x86)\Microsoft Visual Studio 10.0\VC\include\stdio.h(234) : see declaration of 'fopen'
     1>completeGraph.cpp(114): warning C4267: 'initializing' : conversion from 'size_t' to 'int', possible loss of data
     1>completeGraph.cpp(121): warning C4244: '=' : conversion from 'double' to 'float', possible loss of data
     1>completeGraph.cpp(122): warning C4244: '=' : conversion from 'double' to 'float', possible loss of data
     1>completeGraph.cpp(123): warning C4244: '=' : conversion from 'double' to 'float', possible loss of data
     1>completeGraph.cpp(124): warning C4244: '=' : conversion from 'double' to 'float', possible loss of data
     1>completeGraph.cpp(128): warning C4244: '=' : conversion from 'double' to 'float', possible loss of data
     1>completeGraph.cpp(129): warning C4244: '=' : conversion from 'double' to 'float', possible loss of data
     1>completeGraph.cpp(130): warning C4244: '=' : conversion from 'double' to 'float', possible loss of data
     1>completeGraph.cpp(131): warning C4244: '=' : conversion from 'double' to 'float', possible loss of data
     1>completeGraph.cpp(134): warning C4244: '=' : conversion from 'double' to 'float', possible loss of data
     1>completeGraph.cpp(135): warning C4244: '=' : conversion from 'double' to 'float', possible loss of data
     1>completeGraph.cpp(136): warning C4244: '=' : conversion from 'double' to 'float', possible loss of data
     1>completeGraph.cpp(137): warning C4244: '=' : conversion from 'double' to 'float', possible loss of data
     1>completeGraph.cpp(214): warning C4996: 'fopen': This function or variable may be unsafe. Consider using fopen_s instead. To disable deprecation, use _CRT_SECURE_NO_WARNINGS. See online help for details.
                 C:\Program Files (x86)\Microsoft Visual Studio 10.0\VC\include\stdio.h(234) : see declaration of 'fopen'
     1>completeGraph.cpp(219): warning C4996: 'fscanf': This function or variable may be unsafe. Consider using fscanf_s instead. To disable deprecation, use _CRT_SECURE_NO_WARNINGS. See online help for details.
                 C:\Program Files (x86)\Microsoft Visual Studio 10.0\VC\include\stdio.h(253) : see declaration of 'fscanf'
     1>completeGraph.cpp(220): warning C4996: 'fscanf': This function or variable may be unsafe. Consider using fscanf_s instead. To disable deprecation, use _CRT_SECURE_NO_WARNINGS. See online help for details.
                 C:\Program Files (x86)\Microsoft Visual Studio 10.0\VC\include\stdio.h(253) : see declaration of 'fscanf'
     1>completeGraph.cpp(222): warning C4244: 'argument' : conversion from 'int' to 'float', possible loss of data
     1>completeGraph.cpp(222): warning C4244: 'argument' : conversion from 'int' to 'float', possible loss of data
     1>completeGraph.cpp(223): warning C4244: 'argument' : conversion from 'int' to 'float', possible loss of data
     1>completeGraph.cpp(223): warning C4244: 'argument' : conversion from 'int' to 'float', possible loss of data
     1>completeGraph.cpp(236): warning C4267: 'initializing' : conversion from 'size_t' to 'int', possible loss of data
     1>completeGraph.cpp(311): warning C4244: 'argument' : conversion from 'double' to 'float', possible loss of data
     1>completeGraph.cpp(311): warning C4244: 'argument' : conversion from 'double' to 'float', possible loss of data
     1>completeGraph.cpp(312): warning C4244: 'argument' : conversion from 'double' to 'float', possible loss of data
     1>completeGraph.cpp(312): warning C4244: 'argument' : conversion from 'double' to 'float', possible loss of data
     1>completeGraph.cpp(317): warning C4267: 'argument' : conversion from 'size_t' to 'int', possible loss of data
         All outputs are up-to-date.
       ManifestResourceCompile:
         All outputs are up-to-date.
       Link:
         C:\Program Files (x86)\Microsoft Visual Studio 10.0\VC\bin\x86_amd64\link.exe /ERRORREPORT:PROMPT /OUT:"D:\CODING\completeGraph_g\x64\Debug\completeGraph.exe" /INCREMENTAL /NOLOGO /LIBPATH:"C:\Program Files (x86)\Visual Leak Detector\lib\Win64" opencv_calib3d247d.lib opencv_core247d.lib opencv_features2d247d.lib opencv_highgui247d.lib kernel32.lib user32.lib gdi32.lib winspool.lib comdlg32.lib advapi32.lib shell32.lib ole32.lib oleaut32.lib uuid.lib odbc32.lib odbccp32.lib /MANIFEST /ManifestFile:"x64\Debug\completeGraph.exe.intermediate.manifest" /MANIFESTUAC:"level='asInvoker' uiAccess='false'" /DEBUG /PDB:"D:\CODING\completeGraph_g\x64\Debug\completeGraph.pdb" /SUBSYSTEM:CONSOLE /TLBID:1 /DYNAMICBASE /NXCOMPAT /IMPLIB:"D:\CODING\completeGraph_g\x64\Debug\completeGraph.lib" /MACHINE:X64 x64\Debug\completeGraph.exe.embed.manifest.res
         x64\Debug\completeGraph.obj
         x64\Debug\imgfeatures.obj
         x64\Debug\stdafx.obj
         x64\Debug\utils.obj
         completeGraph.vcxproj -> D:\CODING\completeGraph_g\x64\Debug\completeGraph.exe
       Manifest:
         C:\Program Files (x86)\Microsoft SDKs\Windows\v7.0A\bin\mt.exe /nologo /verbose /out:"x64\Debug\completeGraph.exe.embed.manifest" /manifest x64\Debug\completeGraph.exe.intermediate.manifest
         All outputs are up-to-date.
       LinkEmbedManifest:
         All outputs are up-to-date.
         completeGraph.vcxproj -> D:\CODING\completeGraph_g\x64\Debug\completeGraph.exe
       FinalizeBuildStatus:
         Deleting file "x64\Debug\completeGraph.unsuccessfulbuild".
         Touching "x64\Debug\completeGraph.lastbuildstate".
     1>Done Building Project "D:\CODING\completeGraph_g\completeGraph\completeGraph.vcxproj" (build target(s)).

Build succeeded.

Time Elapsed 00:00:02.21
